<?xml version="1.0" encoding="UTF-8"?>
<testsuite xmlns:xsi="http://www.w3.org/2001/XMLSchema-instance" xsi:noNamespaceSchemaLocation="https://maven.apache.org/surefire/maven-surefire-plugin/xsd/surefire-test-report.xsd" name="com.example.demo.DemoApplicationTests" time="0.425" tests="1" errors="1" skipped="0" failures="0">
  <properties>
    <property name="sun.desktop" value="windows"/>
    <property name="awt.toolkit" value="sun.awt.windows.WToolkit"/>
    <property name="file.encoding.pkg" value="sun.io"/>
    <property name="java.specification.version" value="1.8"/>
    <property name="sun.cpu.isalist" value="amd64"/>
    <property name="sun.jnu.encoding" value="Cp1252"/>
    <property name="java.class.path" value="C:\Users\Haseeb\git\QuartzDemo\target\test-classes;C:\Users\Haseeb\git\QuartzDemo\target\classes;C:\Users\Haseeb\.m2\repository\org\springframework\boot\spring-boot-starter-data-rest\2.3.0.BUILD-SNAPSHOT\spring-boot-starter-data-rest-2.3.0.BUILD-SNAPSHOT.jar;C:\Users\Haseeb\.m2\repository\org\springframework\data\spring-data-rest-webmvc\3.3.0.RELEASE\spring-data-rest-webmvc-3.3.0.RELEASE.jar;C:\Users\Haseeb\.m2\repository\org\springframework\data\spring-data-rest-core\3.3.0.RELEASE\spring-data-rest-core-3.3.0.RELEASE.jar;C:\Users\Haseeb\.m2\repository\org\springframework\hateoas\spring-hateoas\1.1.0.RELEASE\spring-hateoas-1.1.0.RELEASE.jar;C:\Users\Haseeb\.m2\repository\org\springframework\plugin\spring-plugin-core\2.0.0.RELEASE\spring-plugin-core-2.0.0.RELEASE.jar;C:\Users\Haseeb\.m2\repository\org\atteo\evo-inflector\1.2.2\evo-inflector-1.2.2.jar;C:\Users\Haseeb\.m2\repository\com\fasterxml\jackson\core\jackson-databind\2.11.0\jackson-databind-2.11.0.jar;C:\Users\Haseeb\.m2\repository\com\fasterxml\jackson\core\jackson-core\2.11.0\jackson-core-2.11.0.jar;C:\Users\Haseeb\.m2\repository\com\fasterxml\jackson\core\jackson-annotations\2.11.0\jackson-annotations-2.11.0.jar;C:\Users\Haseeb\.m2\repository\org\slf4j\slf4j-api\1.7.30\slf4j-api-1.7.30.jar;C:\Users\Haseeb\.m2\repository\org\springframework\boot\spring-boot-starter-jdbc\2.3.0.BUILD-SNAPSHOT\spring-boot-starter-jdbc-2.3.0.BUILD-SNAPSHOT.jar;C:\Users\Haseeb\.m2\repository\org\springframework\boot\spring-boot-starter\2.3.0.BUILD-SNAPSHOT\spring-boot-starter-2.3.0.BUILD-SNAPSHOT.jar;C:\Users\Haseeb\.m2\repository\org\springframework\boot\spring-boot-starter-logging\2.3.0.BUILD-SNAPSHOT\spring-boot-starter-logging-2.3.0.BUILD-SNAPSHOT.jar;C:\Users\Haseeb\.m2\repository\ch\qos\logback\logback-classic\1.2.3\logback-classic-1.2.3.jar;C:\Users\Haseeb\.m2\repository\ch\qos\logback\logback-core\1.2.3\logback-core-1.2.3.jar;C:\Users\Haseeb\.m2\repository\org\apache\logging\log4j\log4j-to-slf4j\2.13.2\log4j-to-slf4j-2.13.2.jar;C:\Users\Haseeb\.m2\repository\org\apache\logging\log4j\log4j-api\2.13.2\log4j-api-2.13.2.jar;C:\Users\Haseeb\.m2\repository\org\slf4j\jul-to-slf4j\1.7.30\jul-to-slf4j-1.7.30.jar;C:\Users\Haseeb\.m2\repository\jakarta\annotation\jakarta.annotation-api\1.3.5\jakarta.annotation-api-1.3.5.jar;C:\Users\Haseeb\.m2\repository\org\yaml\snakeyaml\1.26\snakeyaml-1.26.jar;C:\Users\Haseeb\.m2\repository\com\zaxxer\HikariCP\3.4.5\HikariCP-3.4.5.jar;C:\Users\Haseeb\.m2\repository\org\springframework\spring-jdbc\5.2.6.RELEASE\spring-jdbc-5.2.6.RELEASE.jar;C:\Users\Haseeb\.m2\repository\org\springframework\spring-beans\5.2.6.RELEASE\spring-beans-5.2.6.RELEASE.jar;C:\Users\Haseeb\.m2\repository\org\springframework\boot\spring-boot-starter-jersey\2.3.0.BUILD-SNAPSHOT\spring-boot-starter-jersey-2.3.0.BUILD-SNAPSHOT.jar;C:\Users\Haseeb\.m2\repository\org\springframework\boot\spring-boot-starter-json\2.3.0.BUILD-SNAPSHOT\spring-boot-starter-json-2.3.0.BUILD-SNAPSHOT.jar;C:\Users\Haseeb\.m2\repository\com\fasterxml\jackson\datatype\jackson-datatype-jdk8\2.11.0\jackson-datatype-jdk8-2.11.0.jar;C:\Users\Haseeb\.m2\repository\com\fasterxml\jackson\datatype\jackson-datatype-jsr310\2.11.0\jackson-datatype-jsr310-2.11.0.jar;C:\Users\Haseeb\.m2\repository\com\fasterxml\jackson\module\jackson-module-parameter-names\2.11.0\jackson-module-parameter-names-2.11.0.jar;C:\Users\Haseeb\.m2\repository\org\springframework\boot\spring-boot-starter-tomcat\2.3.0.BUILD-SNAPSHOT\spring-boot-starter-tomcat-2.3.0.BUILD-SNAPSHOT.jar;C:\Users\Haseeb\.m2\repository\org\apache\tomcat\embed\tomcat-embed-core\9.0.35\tomcat-embed-core-9.0.35.jar;C:\Users\Haseeb\.m2\repository\org\glassfish\jakarta.el\3.0.3\jakarta.el-3.0.3.jar;C:\Users\Haseeb\.m2\repository\org\apache\tomcat\embed\tomcat-embed-websocket\9.0.35\tomcat-embed-websocket-9.0.35.jar;C:\Users\Haseeb\.m2\repository\org\springframework\boot\spring-boot-starter-validation\2.3.0.BUILD-SNAPSHOT\spring-boot-starter-validation-2.3.0.BUILD-SNAPSHOT.jar;C:\Users\Haseeb\.m2\repository\org\hibernate\validator\hibernate-validator\6.1.5.Final\hibernate-validator-6.1.5.Final.jar;C:\Users\Haseeb\.m2\repository\org\springframework\spring-web\5.2.6.RELEASE\spring-web-5.2.6.RELEASE.jar;C:\Users\Haseeb\.m2\repository\org\glassfish\jersey\core\jersey-server\2.30.1\jersey-server-2.30.1.jar;C:\Users\Haseeb\.m2\repository\org\glassfish\jersey\core\jersey-common\2.30.1\jersey-common-2.30.1.jar;C:\Users\Haseeb\.m2\repository\org\glassfish\hk2\osgi-resource-locator\1.0.3\osgi-resource-locator-1.0.3.jar;C:\Users\Haseeb\.m2\repository\org\glassfish\jersey\core\jersey-client\2.30.1\jersey-client-2.30.1.jar;C:\Users\Haseeb\.m2\repository\jakarta\ws\rs\jakarta.ws.rs-api\2.1.6\jakarta.ws.rs-api-2.1.6.jar;C:\Users\Haseeb\.m2\repository\org\glassfish\jersey\media\jersey-media-jaxb\2.30.1\jersey-media-jaxb-2.30.1.jar;C:\Users\Haseeb\.m2\repository\org\glassfish\hk2\external\jakarta.inject\2.6.1\jakarta.inject-2.6.1.jar;C:\Users\Haseeb\.m2\repository\jakarta\validation\jakarta.validation-api\2.0.2\jakarta.validation-api-2.0.2.jar;C:\Users\Haseeb\.m2\repository\org\glassfish\jersey\containers\jersey-container-servlet-core\2.30.1\jersey-container-servlet-core-2.30.1.jar;C:\Users\Haseeb\.m2\repository\org\glassfish\jersey\containers\jersey-container-servlet\2.30.1\jersey-container-servlet-2.30.1.jar;C:\Users\Haseeb\.m2\repository\org\glassfish\jersey\ext\jersey-bean-validation\2.30.1\jersey-bean-validation-2.30.1.jar;C:\Users\Haseeb\.m2\repository\org\glassfish\jersey\ext\jersey-spring5\2.30.1\jersey-spring5-2.30.1.jar;C:\Users\Haseeb\.m2\repository\org\glassfish\jersey\inject\jersey-hk2\2.30.1\jersey-hk2-2.30.1.jar;C:\Users\Haseeb\.m2\repository\org\glassfish\hk2\hk2-locator\2.6.1\hk2-locator-2.6.1.jar;C:\Users\Haseeb\.m2\repository\org\glassfish\hk2\external\aopalliance-repackaged\2.6.1\aopalliance-repackaged-2.6.1.jar;C:\Users\Haseeb\.m2\repository\org\glassfish\hk2\hk2\2.6.1\hk2-2.6.1.jar;C:\Users\Haseeb\.m2\repository\org\glassfish\hk2\hk2-utils\2.6.1\hk2-utils-2.6.1.jar;C:\Users\Haseeb\.m2\repository\org\glassfish\hk2\hk2-api\2.6.1\hk2-api-2.6.1.jar;C:\Users\Haseeb\.m2\repository\org\glassfish\hk2\hk2-core\2.6.1\hk2-core-2.6.1.jar;C:\Users\Haseeb\.m2\repository\org\glassfish\hk2\hk2-runlevel\2.6.1\hk2-runlevel-2.6.1.jar;C:\Users\Haseeb\.m2\repository\org\glassfish\hk2\class-model\2.6.1\class-model-2.6.1.jar;C:\Users\Haseeb\.m2\repository\org\ow2\asm\asm\7.1\asm-7.1.jar;C:\Users\Haseeb\.m2\repository\org\ow2\asm\asm-analysis\7.1\asm-analysis-7.1.jar;C:\Users\Haseeb\.m2\repository\org\ow2\asm\asm-commons\7.1\asm-commons-7.1.jar;C:\Users\Haseeb\.m2\repository\org\ow2\asm\asm-tree\7.1\asm-tree-7.1.jar;C:\Users\Haseeb\.m2\repository\org\ow2\asm\asm-util\7.1\asm-util-7.1.jar;C:\Users\Haseeb\.m2\repository\org\glassfish\hk2\spring-bridge\2.6.1\spring-bridge-2.6.1.jar;C:\Users\Haseeb\.m2\repository\org\springframework\spring-context\5.2.6.RELEASE\spring-context-5.2.6.RELEASE.jar;C:\Users\Haseeb\.m2\repository\org\springframework\spring-aop\5.2.6.RELEASE\spring-aop-5.2.6.RELEASE.jar;C:\Users\Haseeb\.m2\repository\org\glassfish\jersey\media\jersey-media-json-jackson\2.30.1\jersey-media-json-jackson-2.30.1.jar;C:\Users\Haseeb\.m2\repository\org\glassfish\jersey\ext\jersey-entity-filtering\2.30.1\jersey-entity-filtering-2.30.1.jar;C:\Users\Haseeb\.m2\repository\com\fasterxml\jackson\module\jackson-module-jaxb-annotations\2.11.0\jackson-module-jaxb-annotations-2.11.0.jar;C:\Users\Haseeb\.m2\repository\org\springframework\boot\spring-boot-starter-quartz\2.3.0.BUILD-SNAPSHOT\spring-boot-starter-quartz-2.3.0.BUILD-SNAPSHOT.jar;C:\Users\Haseeb\.m2\repository\org\springframework\spring-context-support\5.2.6.RELEASE\spring-context-support-5.2.6.RELEASE.jar;C:\Users\Haseeb\.m2\repository\org\springframework\spring-tx\5.2.6.RELEASE\spring-tx-5.2.6.RELEASE.jar;C:\Users\Haseeb\.m2\repository\org\quartz-scheduler\quartz\2.3.2\quartz-2.3.2.jar;C:\Users\Haseeb\.m2\repository\com\mchange\mchange-commons-java\0.2.15\mchange-commons-java-0.2.15.jar;C:\Users\Haseeb\.m2\repository\org\springframework\boot\spring-boot-starter-web\2.3.0.BUILD-SNAPSHOT\spring-boot-starter-web-2.3.0.BUILD-SNAPSHOT.jar;C:\Users\Haseeb\.m2\repository\org\springframework\spring-webmvc\5.2.6.RELEASE\spring-webmvc-5.2.6.RELEASE.jar;C:\Users\Haseeb\.m2\repository\org\springframework\spring-expression\5.2.6.RELEASE\spring-expression-5.2.6.RELEASE.jar;C:\Users\Haseeb\.m2\repository\org\springframework\boot\spring-boot-starter-web-services\2.3.0.BUILD-SNAPSHOT\spring-boot-starter-web-services-2.3.0.BUILD-SNAPSHOT.jar;C:\Users\Haseeb\.m2\repository\com\sun\xml\messaging\saaj\saaj-impl\1.5.2\saaj-impl-1.5.2.jar;C:\Users\Haseeb\.m2\repository\jakarta\xml\soap\jakarta.xml.soap-api\1.4.2\jakarta.xml.soap-api-1.4.2.jar;C:\Users\Haseeb\.m2\repository\org\jvnet\staxex\stax-ex\1.8.3\stax-ex-1.8.3.jar;C:\Users\Haseeb\.m2\repository\com\sun\activation\jakarta.activation\1.2.2\jakarta.activation-1.2.2.jar;C:\Users\Haseeb\.m2\repository\jakarta\xml\ws\jakarta.xml.ws-api\2.3.3\jakarta.xml.ws-api-2.3.3.jar;C:\Users\Haseeb\.m2\repository\jakarta\jws\jakarta.jws-api\2.1.0\jakarta.jws-api-2.1.0.jar;C:\Users\Haseeb\.m2\repository\org\springframework\spring-oxm\5.2.6.RELEASE\spring-oxm-5.2.6.RELEASE.jar;C:\Users\Haseeb\.m2\repository\org\springframework\ws\spring-ws-core\3.0.9.RELEASE\spring-ws-core-3.0.9.RELEASE.jar;C:\Users\Haseeb\.m2\repository\org\springframework\ws\spring-xml\3.0.9.RELEASE\spring-xml-3.0.9.RELEASE.jar;C:\Users\Haseeb\.m2\repository\org\springframework\boot\spring-boot-devtools\2.3.0.BUILD-SNAPSHOT\spring-boot-devtools-2.3.0.BUILD-SNAPSHOT.jar;C:\Users\Haseeb\.m2\repository\org\springframework\boot\spring-boot\2.3.0.BUILD-SNAPSHOT\spring-boot-2.3.0.BUILD-SNAPSHOT.jar;C:\Users\Haseeb\.m2\repository\org\springframework\boot\spring-boot-autoconfigure\2.3.0.BUILD-SNAPSHOT\spring-boot-autoconfigure-2.3.0.BUILD-SNAPSHOT.jar;C:\Users\Haseeb\.m2\repository\org\springframework\boot\spring-boot-starter-data-jpa\2.3.0.BUILD-SNAPSHOT\spring-boot-starter-data-jpa-2.3.0.BUILD-SNAPSHOT.jar;C:\Users\Haseeb\.m2\repository\org\springframework\boot\spring-boot-starter-aop\2.3.0.BUILD-SNAPSHOT\spring-boot-starter-aop-2.3.0.BUILD-SNAPSHOT.jar;C:\Users\Haseeb\.m2\repository\org\aspectj\aspectjweaver\1.9.5\aspectjweaver-1.9.5.jar;C:\Users\Haseeb\.m2\repository\jakarta\transaction\jakarta.transaction-api\1.3.3\jakarta.transaction-api-1.3.3.jar;C:\Users\Haseeb\.m2\repository\jakarta\persistence\jakarta.persistence-api\2.2.3\jakarta.persistence-api-2.2.3.jar;C:\Users\Haseeb\.m2\repository\org\hibernate\hibernate-core\5.4.15.Final\hibernate-core-5.4.15.Final.jar;C:\Users\Haseeb\.m2\repository\org\jboss\logging\jboss-logging\3.4.1.Final\jboss-logging-3.4.1.Final.jar;C:\Users\Haseeb\.m2\repository\org\javassist\javassist\3.24.0-GA\javassist-3.24.0-GA.jar;C:\Users\Haseeb\.m2\repository\net\bytebuddy\byte-buddy\1.10.10\byte-buddy-1.10.10.jar;C:\Users\Haseeb\.m2\repository\antlr\antlr\2.7.7\antlr-2.7.7.jar;C:\Users\Haseeb\.m2\repository\org\jboss\jandex\2.1.3.Final\jandex-2.1.3.Final.jar;C:\Users\Haseeb\.m2\repository\com\fasterxml\classmate\1.5.1\classmate-1.5.1.jar;C:\Users\Haseeb\.m2\repository\org\dom4j\dom4j\2.1.3\dom4j-2.1.3.jar;C:\Users\Haseeb\.m2\repository\org\hibernate\common\hibernate-commons-annotations\5.1.0.Final\hibernate-commons-annotations-5.1.0.Final.jar;C:\Users\Haseeb\.m2\repository\org\glassfish\jaxb\jaxb-runtime\2.3.3\jaxb-runtime-2.3.3.jar;C:\Users\Haseeb\.m2\repository\org\glassfish\jaxb\txw2\2.3.3\txw2-2.3.3.jar;C:\Users\Haseeb\.m2\repository\com\sun\istack\istack-commons-runtime\3.0.11\istack-commons-runtime-3.0.11.jar;C:\Users\Haseeb\.m2\repository\org\springframework\data\spring-data-jpa\2.3.0.RELEASE\spring-data-jpa-2.3.0.RELEASE.jar;C:\Users\Haseeb\.m2\repository\org\springframework\data\spring-data-commons\2.3.0.RELEASE\spring-data-commons-2.3.0.RELEASE.jar;C:\Users\Haseeb\.m2\repository\org\springframework\spring-orm\5.2.6.RELEASE\spring-orm-5.2.6.RELEASE.jar;C:\Users\Haseeb\.m2\repository\org\springframework\spring-aspects\5.2.6.RELEASE\spring-aspects-5.2.6.RELEASE.jar;C:\Users\Haseeb\.m2\repository\org\postgresql\postgresql\42.2.12\postgresql-42.2.12.jar;C:\Users\Haseeb\.m2\repository\org\springframework\boot\spring-boot-starter-test\2.3.0.BUILD-SNAPSHOT\spring-boot-starter-test-2.3.0.BUILD-SNAPSHOT.jar;C:\Users\Haseeb\.m2\repository\org\springframework\boot\spring-boot-test\2.3.0.BUILD-SNAPSHOT\spring-boot-test-2.3.0.BUILD-SNAPSHOT.jar;C:\Users\Haseeb\.m2\repository\org\springframework\boot\spring-boot-test-autoconfigure\2.3.0.BUILD-SNAPSHOT\spring-boot-test-autoconfigure-2.3.0.BUILD-SNAPSHOT.jar;C:\Users\Haseeb\.m2\repository\com\jayway\jsonpath\json-path\2.4.0\json-path-2.4.0.jar;C:\Users\Haseeb\.m2\repository\net\minidev\json-smart\2.3\json-smart-2.3.jar;C:\Users\Haseeb\.m2\repository\net\minidev\accessors-smart\1.2\accessors-smart-1.2.jar;C:\Users\Haseeb\.m2\repository\jakarta\xml\bind\jakarta.xml.bind-api\2.3.3\jakarta.xml.bind-api-2.3.3.jar;C:\Users\Haseeb\.m2\repository\jakarta\activation\jakarta.activation-api\1.2.2\jakarta.activation-api-1.2.2.jar;C:\Users\Haseeb\.m2\repository\org\assertj\assertj-core\3.16.1\assertj-core-3.16.1.jar;C:\Users\Haseeb\.m2\repository\org\hamcrest\hamcrest\2.2\hamcrest-2.2.jar;C:\Users\Haseeb\.m2\repository\org\junit\jupiter\junit-jupiter\5.6.2\junit-jupiter-5.6.2.jar;C:\Users\Haseeb\.m2\repository\org\junit\jupiter\junit-jupiter-api\5.6.2\junit-jupiter-api-5.6.2.jar;C:\Users\Haseeb\.m2\repository\org\apiguardian\apiguardian-api\1.1.0\apiguardian-api-1.1.0.jar;C:\Users\Haseeb\.m2\repository\org\opentest4j\opentest4j\1.2.0\opentest4j-1.2.0.jar;C:\Users\Haseeb\.m2\repository\org\junit\platform\junit-platform-commons\1.6.2\junit-platform-commons-1.6.2.jar;C:\Users\Haseeb\.m2\repository\org\junit\jupiter\junit-jupiter-params\5.6.2\junit-jupiter-params-5.6.2.jar;C:\Users\Haseeb\.m2\repository\org\junit\jupiter\junit-jupiter-engine\5.6.2\junit-jupiter-engine-5.6.2.jar;C:\Users\Haseeb\.m2\repository\org\junit\platform\junit-platform-engine\1.6.2\junit-platform-engine-1.6.2.jar;C:\Users\Haseeb\.m2\repository\org\mockito\mockito-core\3.3.3\mockito-core-3.3.3.jar;C:\Users\Haseeb\.m2\repository\net\bytebuddy\byte-buddy-agent\1.10.10\byte-buddy-agent-1.10.10.jar;C:\Users\Haseeb\.m2\repository\org\objenesis\objenesis\2.6\objenesis-2.6.jar;C:\Users\Haseeb\.m2\repository\org\mockito\mockito-junit-jupiter\3.3.3\mockito-junit-jupiter-3.3.3.jar;C:\Users\Haseeb\.m2\repository\org\skyscreamer\jsonassert\1.5.0\jsonassert-1.5.0.jar;C:\Users\Haseeb\.m2\repository\com\vaadin\external\google\android-json\0.0.20131108.vaadin1\android-json-0.0.20131108.vaadin1.jar;C:\Users\Haseeb\.m2\repository\org\springframework\spring-core\5.2.6.RELEASE\spring-core-5.2.6.RELEASE.jar;C:\Users\Haseeb\.m2\repository\org\springframework\spring-jcl\5.2.6.RELEASE\spring-jcl-5.2.6.RELEASE.jar;C:\Users\Haseeb\.m2\repository\org\springframework\spring-test\5.2.6.RELEASE\spring-test-5.2.6.RELEASE.jar;C:\Users\Haseeb\.m2\repository\org\xmlunit\xmlunit-core\2.7.0\xmlunit-core-2.7.0.jar;"/>
    <property name="java.vm.vendor" value="Oracle Corporation"/>
    <property name="sun.arch.data.model" value="64"/>
    <property name="user.variant" value=""/>
    <property name="java.vendor.url" value="http://java.oracle.com/"/>
    <property name="user.timezone" value="Asia/Calcutta"/>
    <property name="java.vm.specification.version" value="1.8"/>
    <property name="os.name" value="Windows 10"/>
    <property name="user.country" value="US"/>
    <property name="sun.java.launcher" value="SUN_STANDARD"/>
    <property name="sun.boot.library.path" value="C:\Program Files\Java\jdk1.8.0_211\jre\bin"/>
    <property name="sun.java.command" value="C:\Users\Haseeb\AppData\Local\Temp\surefire3294420916364286859\surefirebooter3031027077787117345.jar C:\Users\Haseeb\AppData\Local\Temp\surefire3294420916364286859 2020-05-15T16-59-17_275-jvmRun1 surefire6155176620650072964tmp surefire_03694396640620761241tmp"/>
    <property name="surefire.test.class.path" value="C:\Users\Haseeb\git\QuartzDemo\target\test-classes;C:\Users\Haseeb\git\QuartzDemo\target\classes;C:\Users\Haseeb\.m2\repository\org\springframework\boot\spring-boot-starter-data-rest\2.3.0.BUILD-SNAPSHOT\spring-boot-starter-data-rest-2.3.0.BUILD-SNAPSHOT.jar;C:\Users\Haseeb\.m2\repository\org\springframework\data\spring-data-rest-webmvc\3.3.0.RELEASE\spring-data-rest-webmvc-3.3.0.RELEASE.jar;C:\Users\Haseeb\.m2\repository\org\springframework\data\spring-data-rest-core\3.3.0.RELEASE\spring-data-rest-core-3.3.0.RELEASE.jar;C:\Users\Haseeb\.m2\repository\org\springframework\hateoas\spring-hateoas\1.1.0.RELEASE\spring-hateoas-1.1.0.RELEASE.jar;C:\Users\Haseeb\.m2\repository\org\springframework\plugin\spring-plugin-core\2.0.0.RELEASE\spring-plugin-core-2.0.0.RELEASE.jar;C:\Users\Haseeb\.m2\repository\org\atteo\evo-inflector\1.2.2\evo-inflector-1.2.2.jar;C:\Users\Haseeb\.m2\repository\com\fasterxml\jackson\core\jackson-databind\2.11.0\jackson-databind-2.11.0.jar;C:\Users\Haseeb\.m2\repository\com\fasterxml\jackson\core\jackson-core\2.11.0\jackson-core-2.11.0.jar;C:\Users\Haseeb\.m2\repository\com\fasterxml\jackson\core\jackson-annotations\2.11.0\jackson-annotations-2.11.0.jar;C:\Users\Haseeb\.m2\repository\org\slf4j\slf4j-api\1.7.30\slf4j-api-1.7.30.jar;C:\Users\Haseeb\.m2\repository\org\springframework\boot\spring-boot-starter-jdbc\2.3.0.BUILD-SNAPSHOT\spring-boot-starter-jdbc-2.3.0.BUILD-SNAPSHOT.jar;C:\Users\Haseeb\.m2\repository\org\springframework\boot\spring-boot-starter\2.3.0.BUILD-SNAPSHOT\spring-boot-starter-2.3.0.BUILD-SNAPSHOT.jar;C:\Users\Haseeb\.m2\repository\org\springframework\boot\spring-boot-starter-logging\2.3.0.BUILD-SNAPSHOT\spring-boot-starter-logging-2.3.0.BUILD-SNAPSHOT.jar;C:\Users\Haseeb\.m2\repository\ch\qos\logback\logback-classic\1.2.3\logback-classic-1.2.3.jar;C:\Users\Haseeb\.m2\repository\ch\qos\logback\logback-core\1.2.3\logback-core-1.2.3.jar;C:\Users\Haseeb\.m2\repository\org\apache\logging\log4j\log4j-to-slf4j\2.13.2\log4j-to-slf4j-2.13.2.jar;C:\Users\Haseeb\.m2\repository\org\apache\logging\log4j\log4j-api\2.13.2\log4j-api-2.13.2.jar;C:\Users\Haseeb\.m2\repository\org\slf4j\jul-to-slf4j\1.7.30\jul-to-slf4j-1.7.30.jar;C:\Users\Haseeb\.m2\repository\jakarta\annotation\jakarta.annotation-api\1.3.5\jakarta.annotation-api-1.3.5.jar;C:\Users\Haseeb\.m2\repository\org\yaml\snakeyaml\1.26\snakeyaml-1.26.jar;C:\Users\Haseeb\.m2\repository\com\zaxxer\HikariCP\3.4.5\HikariCP-3.4.5.jar;C:\Users\Haseeb\.m2\repository\org\springframework\spring-jdbc\5.2.6.RELEASE\spring-jdbc-5.2.6.RELEASE.jar;C:\Users\Haseeb\.m2\repository\org\springframework\spring-beans\5.2.6.RELEASE\spring-beans-5.2.6.RELEASE.jar;C:\Users\Haseeb\.m2\repository\org\springframework\boot\spring-boot-starter-jersey\2.3.0.BUILD-SNAPSHOT\spring-boot-starter-jersey-2.3.0.BUILD-SNAPSHOT.jar;C:\Users\Haseeb\.m2\repository\org\springframework\boot\spring-boot-starter-json\2.3.0.BUILD-SNAPSHOT\spring-boot-starter-json-2.3.0.BUILD-SNAPSHOT.jar;C:\Users\Haseeb\.m2\repository\com\fasterxml\jackson\datatype\jackson-datatype-jdk8\2.11.0\jackson-datatype-jdk8-2.11.0.jar;C:\Users\Haseeb\.m2\repository\com\fasterxml\jackson\datatype\jackson-datatype-jsr310\2.11.0\jackson-datatype-jsr310-2.11.0.jar;C:\Users\Haseeb\.m2\repository\com\fasterxml\jackson\module\jackson-module-parameter-names\2.11.0\jackson-module-parameter-names-2.11.0.jar;C:\Users\Haseeb\.m2\repository\org\springframework\boot\spring-boot-starter-tomcat\2.3.0.BUILD-SNAPSHOT\spring-boot-starter-tomcat-2.3.0.BUILD-SNAPSHOT.jar;C:\Users\Haseeb\.m2\repository\org\apache\tomcat\embed\tomcat-embed-core\9.0.35\tomcat-embed-core-9.0.35.jar;C:\Users\Haseeb\.m2\repository\org\glassfish\jakarta.el\3.0.3\jakarta.el-3.0.3.jar;C:\Users\Haseeb\.m2\repository\org\apache\tomcat\embed\tomcat-embed-websocket\9.0.35\tomcat-embed-websocket-9.0.35.jar;C:\Users\Haseeb\.m2\repository\org\springframework\boot\spring-boot-starter-validation\2.3.0.BUILD-SNAPSHOT\spring-boot-starter-validation-2.3.0.BUILD-SNAPSHOT.jar;C:\Users\Haseeb\.m2\repository\org\hibernate\validator\hibernate-validator\6.1.5.Final\hibernate-validator-6.1.5.Final.jar;C:\Users\Haseeb\.m2\repository\org\springframework\spring-web\5.2.6.RELEASE\spring-web-5.2.6.RELEASE.jar;C:\Users\Haseeb\.m2\repository\org\glassfish\jersey\core\jersey-server\2.30.1\jersey-server-2.30.1.jar;C:\Users\Haseeb\.m2\repository\org\glassfish\jersey\core\jersey-common\2.30.1\jersey-common-2.30.1.jar;C:\Users\Haseeb\.m2\repository\org\glassfish\hk2\osgi-resource-locator\1.0.3\osgi-resource-locator-1.0.3.jar;C:\Users\Haseeb\.m2\repository\org\glassfish\jersey\core\jersey-client\2.30.1\jersey-client-2.30.1.jar;C:\Users\Haseeb\.m2\repository\jakarta\ws\rs\jakarta.ws.rs-api\2.1.6\jakarta.ws.rs-api-2.1.6.jar;C:\Users\Haseeb\.m2\repository\org\glassfish\jersey\media\jersey-media-jaxb\2.30.1\jersey-media-jaxb-2.30.1.jar;C:\Users\Haseeb\.m2\repository\org\glassfish\hk2\external\jakarta.inject\2.6.1\jakarta.inject-2.6.1.jar;C:\Users\Haseeb\.m2\repository\jakarta\validation\jakarta.validation-api\2.0.2\jakarta.validation-api-2.0.2.jar;C:\Users\Haseeb\.m2\repository\org\glassfish\jersey\containers\jersey-container-servlet-core\2.30.1\jersey-container-servlet-core-2.30.1.jar;C:\Users\Haseeb\.m2\repository\org\glassfish\jersey\containers\jersey-container-servlet\2.30.1\jersey-container-servlet-2.30.1.jar;C:\Users\Haseeb\.m2\repository\org\glassfish\jersey\ext\jersey-bean-validation\2.30.1\jersey-bean-validation-2.30.1.jar;C:\Users\Haseeb\.m2\repository\org\glassfish\jersey\ext\jersey-spring5\2.30.1\jersey-spring5-2.30.1.jar;C:\Users\Haseeb\.m2\repository\org\glassfish\jersey\inject\jersey-hk2\2.30.1\jersey-hk2-2.30.1.jar;C:\Users\Haseeb\.m2\repository\org\glassfish\hk2\hk2-locator\2.6.1\hk2-locator-2.6.1.jar;C:\Users\Haseeb\.m2\repository\org\glassfish\hk2\external\aopalliance-repackaged\2.6.1\aopalliance-repackaged-2.6.1.jar;C:\Users\Haseeb\.m2\repository\org\glassfish\hk2\hk2\2.6.1\hk2-2.6.1.jar;C:\Users\Haseeb\.m2\repository\org\glassfish\hk2\hk2-utils\2.6.1\hk2-utils-2.6.1.jar;C:\Users\Haseeb\.m2\repository\org\glassfish\hk2\hk2-api\2.6.1\hk2-api-2.6.1.jar;C:\Users\Haseeb\.m2\repository\org\glassfish\hk2\hk2-core\2.6.1\hk2-core-2.6.1.jar;C:\Users\Haseeb\.m2\repository\org\glassfish\hk2\hk2-runlevel\2.6.1\hk2-runlevel-2.6.1.jar;C:\Users\Haseeb\.m2\repository\org\glassfish\hk2\class-model\2.6.1\class-model-2.6.1.jar;C:\Users\Haseeb\.m2\repository\org\ow2\asm\asm\7.1\asm-7.1.jar;C:\Users\Haseeb\.m2\repository\org\ow2\asm\asm-analysis\7.1\asm-analysis-7.1.jar;C:\Users\Haseeb\.m2\repository\org\ow2\asm\asm-commons\7.1\asm-commons-7.1.jar;C:\Users\Haseeb\.m2\repository\org\ow2\asm\asm-tree\7.1\asm-tree-7.1.jar;C:\Users\Haseeb\.m2\repository\org\ow2\asm\asm-util\7.1\asm-util-7.1.jar;C:\Users\Haseeb\.m2\repository\org\glassfish\hk2\spring-bridge\2.6.1\spring-bridge-2.6.1.jar;C:\Users\Haseeb\.m2\repository\org\springframework\spring-context\5.2.6.RELEASE\spring-context-5.2.6.RELEASE.jar;C:\Users\Haseeb\.m2\repository\org\springframework\spring-aop\5.2.6.RELEASE\spring-aop-5.2.6.RELEASE.jar;C:\Users\Haseeb\.m2\repository\org\glassfish\jersey\media\jersey-media-json-jackson\2.30.1\jersey-media-json-jackson-2.30.1.jar;C:\Users\Haseeb\.m2\repository\org\glassfish\jersey\ext\jersey-entity-filtering\2.30.1\jersey-entity-filtering-2.30.1.jar;C:\Users\Haseeb\.m2\repository\com\fasterxml\jackson\module\jackson-module-jaxb-annotations\2.11.0\jackson-module-jaxb-annotations-2.11.0.jar;C:\Users\Haseeb\.m2\repository\org\springframework\boot\spring-boot-starter-quartz\2.3.0.BUILD-SNAPSHOT\spring-boot-starter-quartz-2.3.0.BUILD-SNAPSHOT.jar;C:\Users\Haseeb\.m2\repository\org\springframework\spring-context-support\5.2.6.RELEASE\spring-context-support-5.2.6.RELEASE.jar;C:\Users\Haseeb\.m2\repository\org\springframework\spring-tx\5.2.6.RELEASE\spring-tx-5.2.6.RELEASE.jar;C:\Users\Haseeb\.m2\repository\org\quartz-scheduler\quartz\2.3.2\quartz-2.3.2.jar;C:\Users\Haseeb\.m2\repository\com\mchange\mchange-commons-java\0.2.15\mchange-commons-java-0.2.15.jar;C:\Users\Haseeb\.m2\repository\org\springframework\boot\spring-boot-starter-web\2.3.0.BUILD-SNAPSHOT\spring-boot-starter-web-2.3.0.BUILD-SNAPSHOT.jar;C:\Users\Haseeb\.m2\repository\org\springframework\spring-webmvc\5.2.6.RELEASE\spring-webmvc-5.2.6.RELEASE.jar;C:\Users\Haseeb\.m2\repository\org\springframework\spring-expression\5.2.6.RELEASE\spring-expression-5.2.6.RELEASE.jar;C:\Users\Haseeb\.m2\repository\org\springframework\boot\spring-boot-starter-web-services\2.3.0.BUILD-SNAPSHOT\spring-boot-starter-web-services-2.3.0.BUILD-SNAPSHOT.jar;C:\Users\Haseeb\.m2\repository\com\sun\xml\messaging\saaj\saaj-impl\1.5.2\saaj-impl-1.5.2.jar;C:\Users\Haseeb\.m2\repository\jakarta\xml\soap\jakarta.xml.soap-api\1.4.2\jakarta.xml.soap-api-1.4.2.jar;C:\Users\Haseeb\.m2\repository\org\jvnet\staxex\stax-ex\1.8.3\stax-ex-1.8.3.jar;C:\Users\Haseeb\.m2\repository\com\sun\activation\jakarta.activation\1.2.2\jakarta.activation-1.2.2.jar;C:\Users\Haseeb\.m2\repository\jakarta\xml\ws\jakarta.xml.ws-api\2.3.3\jakarta.xml.ws-api-2.3.3.jar;C:\Users\Haseeb\.m2\repository\jakarta\jws\jakarta.jws-api\2.1.0\jakarta.jws-api-2.1.0.jar;C:\Users\Haseeb\.m2\repository\org\springframework\spring-oxm\5.2.6.RELEASE\spring-oxm-5.2.6.RELEASE.jar;C:\Users\Haseeb\.m2\repository\org\springframework\ws\spring-ws-core\3.0.9.RELEASE\spring-ws-core-3.0.9.RELEASE.jar;C:\Users\Haseeb\.m2\repository\org\springframework\ws\spring-xml\3.0.9.RELEASE\spring-xml-3.0.9.RELEASE.jar;C:\Users\Haseeb\.m2\repository\org\springframework\boot\spring-boot-devtools\2.3.0.BUILD-SNAPSHOT\spring-boot-devtools-2.3.0.BUILD-SNAPSHOT.jar;C:\Users\Haseeb\.m2\repository\org\springframework\boot\spring-boot\2.3.0.BUILD-SNAPSHOT\spring-boot-2.3.0.BUILD-SNAPSHOT.jar;C:\Users\Haseeb\.m2\repository\org\springframework\boot\spring-boot-autoconfigure\2.3.0.BUILD-SNAPSHOT\spring-boot-autoconfigure-2.3.0.BUILD-SNAPSHOT.jar;C:\Users\Haseeb\.m2\repository\org\springframework\boot\spring-boot-starter-data-jpa\2.3.0.BUILD-SNAPSHOT\spring-boot-starter-data-jpa-2.3.0.BUILD-SNAPSHOT.jar;C:\Users\Haseeb\.m2\repository\org\springframework\boot\spring-boot-starter-aop\2.3.0.BUILD-SNAPSHOT\spring-boot-starter-aop-2.3.0.BUILD-SNAPSHOT.jar;C:\Users\Haseeb\.m2\repository\org\aspectj\aspectjweaver\1.9.5\aspectjweaver-1.9.5.jar;C:\Users\Haseeb\.m2\repository\jakarta\transaction\jakarta.transaction-api\1.3.3\jakarta.transaction-api-1.3.3.jar;C:\Users\Haseeb\.m2\repository\jakarta\persistence\jakarta.persistence-api\2.2.3\jakarta.persistence-api-2.2.3.jar;C:\Users\Haseeb\.m2\repository\org\hibernate\hibernate-core\5.4.15.Final\hibernate-core-5.4.15.Final.jar;C:\Users\Haseeb\.m2\repository\org\jboss\logging\jboss-logging\3.4.1.Final\jboss-logging-3.4.1.Final.jar;C:\Users\Haseeb\.m2\repository\org\javassist\javassist\3.24.0-GA\javassist-3.24.0-GA.jar;C:\Users\Haseeb\.m2\repository\net\bytebuddy\byte-buddy\1.10.10\byte-buddy-1.10.10.jar;C:\Users\Haseeb\.m2\repository\antlr\antlr\2.7.7\antlr-2.7.7.jar;C:\Users\Haseeb\.m2\repository\org\jboss\jandex\2.1.3.Final\jandex-2.1.3.Final.jar;C:\Users\Haseeb\.m2\repository\com\fasterxml\classmate\1.5.1\classmate-1.5.1.jar;C:\Users\Haseeb\.m2\repository\org\dom4j\dom4j\2.1.3\dom4j-2.1.3.jar;C:\Users\Haseeb\.m2\repository\org\hibernate\common\hibernate-commons-annotations\5.1.0.Final\hibernate-commons-annotations-5.1.0.Final.jar;C:\Users\Haseeb\.m2\repository\org\glassfish\jaxb\jaxb-runtime\2.3.3\jaxb-runtime-2.3.3.jar;C:\Users\Haseeb\.m2\repository\org\glassfish\jaxb\txw2\2.3.3\txw2-2.3.3.jar;C:\Users\Haseeb\.m2\repository\com\sun\istack\istack-commons-runtime\3.0.11\istack-commons-runtime-3.0.11.jar;C:\Users\Haseeb\.m2\repository\org\springframework\data\spring-data-jpa\2.3.0.RELEASE\spring-data-jpa-2.3.0.RELEASE.jar;C:\Users\Haseeb\.m2\repository\org\springframework\data\spring-data-commons\2.3.0.RELEASE\spring-data-commons-2.3.0.RELEASE.jar;C:\Users\Haseeb\.m2\repository\org\springframework\spring-orm\5.2.6.RELEASE\spring-orm-5.2.6.RELEASE.jar;C:\Users\Haseeb\.m2\repository\org\springframework\spring-aspects\5.2.6.RELEASE\spring-aspects-5.2.6.RELEASE.jar;C:\Users\Haseeb\.m2\repository\org\postgresql\postgresql\42.2.12\postgresql-42.2.12.jar;C:\Users\Haseeb\.m2\repository\org\springframework\boot\spring-boot-starter-test\2.3.0.BUILD-SNAPSHOT\spring-boot-starter-test-2.3.0.BUILD-SNAPSHOT.jar;C:\Users\Haseeb\.m2\repository\org\springframework\boot\spring-boot-test\2.3.0.BUILD-SNAPSHOT\spring-boot-test-2.3.0.BUILD-SNAPSHOT.jar;C:\Users\Haseeb\.m2\repository\org\springframework\boot\spring-boot-test-autoconfigure\2.3.0.BUILD-SNAPSHOT\spring-boot-test-autoconfigure-2.3.0.BUILD-SNAPSHOT.jar;C:\Users\Haseeb\.m2\repository\com\jayway\jsonpath\json-path\2.4.0\json-path-2.4.0.jar;C:\Users\Haseeb\.m2\repository\net\minidev\json-smart\2.3\json-smart-2.3.jar;C:\Users\Haseeb\.m2\repository\net\minidev\accessors-smart\1.2\accessors-smart-1.2.jar;C:\Users\Haseeb\.m2\repository\jakarta\xml\bind\jakarta.xml.bind-api\2.3.3\jakarta.xml.bind-api-2.3.3.jar;C:\Users\Haseeb\.m2\repository\jakarta\activation\jakarta.activation-api\1.2.2\jakarta.activation-api-1.2.2.jar;C:\Users\Haseeb\.m2\repository\org\assertj\assertj-core\3.16.1\assertj-core-3.16.1.jar;C:\Users\Haseeb\.m2\repository\org\hamcrest\hamcrest\2.2\hamcrest-2.2.jar;C:\Users\Haseeb\.m2\repository\org\junit\jupiter\junit-jupiter\5.6.2\junit-jupiter-5.6.2.jar;C:\Users\Haseeb\.m2\repository\org\junit\jupiter\junit-jupiter-api\5.6.2\junit-jupiter-api-5.6.2.jar;C:\Users\Haseeb\.m2\repository\org\apiguardian\apiguardian-api\1.1.0\apiguardian-api-1.1.0.jar;C:\Users\Haseeb\.m2\repository\org\opentest4j\opentest4j\1.2.0\opentest4j-1.2.0.jar;C:\Users\Haseeb\.m2\repository\org\junit\platform\junit-platform-commons\1.6.2\junit-platform-commons-1.6.2.jar;C:\Users\Haseeb\.m2\repository\org\junit\jupiter\junit-jupiter-params\5.6.2\junit-jupiter-params-5.6.2.jar;C:\Users\Haseeb\.m2\repository\org\junit\jupiter\junit-jupiter-engine\5.6.2\junit-jupiter-engine-5.6.2.jar;C:\Users\Haseeb\.m2\repository\org\junit\platform\junit-platform-engine\1.6.2\junit-platform-engine-1.6.2.jar;C:\Users\Haseeb\.m2\repository\org\mockito\mockito-core\3.3.3\mockito-core-3.3.3.jar;C:\Users\Haseeb\.m2\repository\net\bytebuddy\byte-buddy-agent\1.10.10\byte-buddy-agent-1.10.10.jar;C:\Users\Haseeb\.m2\repository\org\objenesis\objenesis\2.6\objenesis-2.6.jar;C:\Users\Haseeb\.m2\repository\org\mockito\mockito-junit-jupiter\3.3.3\mockito-junit-jupiter-3.3.3.jar;C:\Users\Haseeb\.m2\repository\org\skyscreamer\jsonassert\1.5.0\jsonassert-1.5.0.jar;C:\Users\Haseeb\.m2\repository\com\vaadin\external\google\android-json\0.0.20131108.vaadin1\android-json-0.0.20131108.vaadin1.jar;C:\Users\Haseeb\.m2\repository\org\springframework\spring-core\5.2.6.RELEASE\spring-core-5.2.6.RELEASE.jar;C:\Users\Haseeb\.m2\repository\org\springframework\spring-jcl\5.2.6.RELEASE\spring-jcl-5.2.6.RELEASE.jar;C:\Users\Haseeb\.m2\repository\org\springframework\spring-test\5.2.6.RELEASE\spring-test-5.2.6.RELEASE.jar;C:\Users\Haseeb\.m2\repository\org\xmlunit\xmlunit-core\2.7.0\xmlunit-core-2.7.0.jar;"/>
    <property name="sun.cpu.endian" value="little"/>
    <property name="user.home" value="C:\Users\Haseeb"/>
    <property name="user.language" value="en"/>
    <property name="java.specification.vendor" value="Oracle Corporation"/>
    <property name="java.home" value="C:\Program Files\Java\jdk1.8.0_211\jre"/>
    <property name="basedir" value="C:\Users\Haseeb\git\QuartzDemo"/>
    <property name="file.separator" value="\"/>
    <property name="line.separator" value="&#10;"/>
    <property name="java.vm.specification.vendor" value="Oracle Corporation"/>
    <property name="java.specification.name" value="Java Platform API Specification"/>
    <property name="java.awt.graphicsenv" value="sun.awt.Win32GraphicsEnvironment"/>
    <property name="surefire.real.class.path" value="C:\Users\Haseeb\AppData\Local\Temp\surefire3294420916364286859\surefirebooter3031027077787117345.jar"/>
    <property name="sun.boot.class.path" value="C:\Program Files\Java\jdk1.8.0_211\jre\lib\resources.jar;C:\Program Files\Java\jdk1.8.0_211\jre\lib\rt.jar;C:\Program Files\Java\jdk1.8.0_211\jre\lib\sunrsasign.jar;C:\Program Files\Java\jdk1.8.0_211\jre\lib\jsse.jar;C:\Program Files\Java\jdk1.8.0_211\jre\lib\jce.jar;C:\Program Files\Java\jdk1.8.0_211\jre\lib\charsets.jar;C:\Program Files\Java\jdk1.8.0_211\jre\lib\jfr.jar;C:\Program Files\Java\jdk1.8.0_211\jre\classes"/>
    <property name="user.script" value=""/>
    <property name="sun.management.compiler" value="HotSpot 64-Bit Tiered Compilers"/>
    <property name="java.runtime.version" value="1.8.0_211-b12"/>
    <property name="user.name" value="Haseeb"/>
    <property name="path.separator" value=";"/>
    <property name="os.version" value="10.0"/>
    <property name="java.endorsed.dirs" value="C:\Program Files\Java\jdk1.8.0_211\jre\lib\endorsed"/>
    <property name="java.runtime.name" value="Java(TM) SE Runtime Environment"/>
    <property name="file.encoding" value="Cp1252"/>
    <property name="java.vm.name" value="Java HotSpot(TM) 64-Bit Server VM"/>
    <property name="localRepository" value="C:\Users\Haseeb\.m2\repository"/>
    <property name="java.vendor.url.bug" value="http://bugreport.sun.com/bugreport/"/>
    <property name="java.io.tmpdir" value="C:\Users\Haseeb\AppData\Local\Temp\"/>
    <property name="java.version" value="1.8.0_211"/>
    <property name="user.dir" value="C:\Users\Haseeb\git\QuartzDemo"/>
    <property name="os.arch" value="amd64"/>
    <property name="java.vm.specification.name" value="Java Virtual Machine Specification"/>
    <property name="java.awt.printerjob" value="sun.awt.windows.WPrinterJob"/>
    <property name="sun.os.patch.level" value=""/>
    <property name="java.library.path" value="C:\Program Files\Java\jdk1.8.0_211\jre\bin;C:\WINDOWS\Sun\Java\bin;C:\WINDOWS\system32;C:\WINDOWS;C:/Program Files/Java/jre1.8.0_251/bin/server;C:/Program Files/Java/jre1.8.0_251/bin;C:/Program Files/Java/jre1.8.0_251/lib/amd64;C:\app\Haseeb\product\18.0.0\dbhomeXE\bin;C:\Program Files (x86)\Common Files\Oracle\Java\javapath;C:\Windows\system32;C:\Windows;C:\Windows\System32\Wbem;C:\Windows\System32\WindowsPowerShell\v1.0\;C:\Windows\System32\OpenSSH\;C:\Program Files\NVIDIA Corporation\NVIDIA NvDLISR;C:\Program Files (x86)\NVIDIA Corporation\PhysX\Common;C:\Program Files\TortoiseGit\bin;C:\WINDOWS\system32;C:\WINDOWS;C:\WINDOWS\System32\Wbem;C:\WINDOWS\System32\WindowsPowerShell\v1.0\;C:\WINDOWS\System32\OpenSSH\;C:\Program Files\dotnet\;C:\Program Files\Microsoft SQL Server\130\Tools\Binn\;C:\Program Files\Git\cmd;C:\Users\Haseeb\AppData\Local\Microsoft\WindowsApps;;C:\Users\Haseeb\AppData\Local\Programs\Microsoft VS Code\bin;C:\Users\Haseeb\.dotnet\tools;C:\Users\Haseeb\Desktop;;."/>
    <property name="java.vm.info" value="mixed mode"/>
    <property name="java.vendor" value="Oracle Corporation"/>
    <property name="java.vm.version" value="25.211-b12"/>
    <property name="java.ext.dirs" value="C:\Program Files\Java\jdk1.8.0_211\jre\lib\ext;C:\WINDOWS\Sun\Java\lib\ext"/>
    <property name="sun.io.unicode.encoding" value="UnicodeLittle"/>
    <property name="java.class.version" value="52.0"/>
  </properties>
  <testcase name="com.example.demo.DemoApplicationTests" classname="com.example.demo.DemoApplicationTests" time="0.415">
    <error message="Unable to find a @SpringBootConfiguration, you need to use @ContextConfiguration or @SpringBootTest(classes=...) with your test" type="java.lang.IllegalStateException">java.lang.IllegalStateException: Unable to find a @SpringBootConfiguration, you need to use @ContextConfiguration or @SpringBootTest(classes=...) with your test
</error>
    <system-out><![CDATA[16:59:18.459 [main] DEBUG org.springframework.test.context.BootstrapUtils - Instantiating CacheAwareContextLoaderDelegate from class [org.springframework.test.context.cache.DefaultCacheAwareContextLoaderDelegate]
16:59:18.475 [main] DEBUG org.springframework.test.context.BootstrapUtils - Instantiating BootstrapContext using constructor [public org.springframework.test.context.support.DefaultBootstrapContext(java.lang.Class,org.springframework.test.context.CacheAwareContextLoaderDelegate)]
16:59:18.512 [main] DEBUG org.springframework.test.context.BootstrapUtils - Instantiating TestContextBootstrapper for test class [com.example.demo.DemoApplicationTests] from class [org.springframework.boot.test.context.SpringBootTestContextBootstrapper]
16:59:18.534 [main] INFO org.springframework.boot.test.context.SpringBootTestContextBootstrapper - Neither @ContextConfiguration nor @ContextHierarchy found for test class [com.example.demo.DemoApplicationTests], using SpringBootContextLoader
16:59:18.539 [main] DEBUG org.springframework.test.context.support.AbstractContextLoader - Did not detect default resource location for test class [com.example.demo.DemoApplicationTests]: class path resource [com/example/demo/DemoApplicationTests-context.xml] does not exist
16:59:18.540 [main] DEBUG org.springframework.test.context.support.AbstractContextLoader - Did not detect default resource location for test class [com.example.demo.DemoApplicationTests]: class path resource [com/example/demo/DemoApplicationTestsContext.groovy] does not exist
16:59:18.540 [main] INFO org.springframework.test.context.support.AbstractContextLoader - Could not detect default resource locations for test class [com.example.demo.DemoApplicationTests]: no resource found for suffixes {-context.xml, Context.groovy}.
16:59:18.541 [main] INFO org.springframework.test.context.support.AnnotationConfigContextLoaderUtils - Could not detect default configuration classes for test class [com.example.demo.DemoApplicationTests]: DemoApplicationTests does not declare any static, non-private, non-final, nested classes annotated with @Configuration.
16:59:18.595 [main] DEBUG org.springframework.test.context.support.ActiveProfilesUtils - Could not find an 'annotation declaring class' for annotation type [org.springframework.test.context.ActiveProfiles] and class [com.example.demo.DemoApplicationTests]
16:59:18.690 [main] DEBUG org.springframework.test.context.BootstrapUtils - Instantiating CacheAwareContextLoaderDelegate from class [org.springframework.test.context.cache.DefaultCacheAwareContextLoaderDelegate]
16:59:18.691 [main] DEBUG org.springframework.test.context.BootstrapUtils - Instantiating BootstrapContext using constructor [public org.springframework.test.context.support.DefaultBootstrapContext(java.lang.Class,org.springframework.test.context.CacheAwareContextLoaderDelegate)]
16:59:18.693 [main] DEBUG org.springframework.test.context.BootstrapUtils - Instantiating TestContextBootstrapper for test class [com.example.demo.DemoApplicationTests] from class [org.springframework.boot.test.context.SpringBootTestContextBootstrapper]
16:59:18.694 [main] INFO org.springframework.boot.test.context.SpringBootTestContextBootstrapper - Neither @ContextConfiguration nor @ContextHierarchy found for test class [com.example.demo.DemoApplicationTests], using SpringBootContextLoader
16:59:18.695 [main] DEBUG org.springframework.test.context.support.AbstractContextLoader - Did not detect default resource location for test class [com.example.demo.DemoApplicationTests]: class path resource [com/example/demo/DemoApplicationTests-context.xml] does not exist
16:59:18.695 [main] DEBUG org.springframework.test.context.support.AbstractContextLoader - Did not detect default resource location for test class [com.example.demo.DemoApplicationTests]: class path resource [com/example/demo/DemoApplicationTestsContext.groovy] does not exist
16:59:18.696 [main] INFO org.springframework.test.context.support.AbstractContextLoader - Could not detect default resource locations for test class [com.example.demo.DemoApplicationTests]: no resource found for suffixes {-context.xml, Context.groovy}.
16:59:18.696 [main] INFO org.springframework.test.context.support.AnnotationConfigContextLoaderUtils - Could not detect default configuration classes for test class [com.example.demo.DemoApplicationTests]: DemoApplicationTests does not declare any static, non-private, non-final, nested classes annotated with @Configuration.
16:59:18.709 [main] DEBUG org.springframework.test.context.support.ActiveProfilesUtils - Could not find an 'annotation declaring class' for annotation type [org.springframework.test.context.ActiveProfiles] and class [com.example.demo.DemoApplicationTests]
16:59:18.756 [main] DEBUG org.springframework.test.context.BootstrapUtils - Instantiating CacheAwareContextLoaderDelegate from class [org.springframework.test.context.cache.DefaultCacheAwareContextLoaderDelegate]
16:59:18.756 [main] DEBUG org.springframework.test.context.BootstrapUtils - Instantiating BootstrapContext using constructor [public org.springframework.test.context.support.DefaultBootstrapContext(java.lang.Class,org.springframework.test.context.CacheAwareContextLoaderDelegate)]
16:59:18.757 [main] DEBUG org.springframework.test.context.BootstrapUtils - Instantiating TestContextBootstrapper for test class [com.example.demo.DemoApplicationTests] from class [org.springframework.boot.test.context.SpringBootTestContextBootstrapper]
16:59:18.758 [main] INFO org.springframework.boot.test.context.SpringBootTestContextBootstrapper - Neither @ContextConfiguration nor @ContextHierarchy found for test class [com.example.demo.DemoApplicationTests], using SpringBootContextLoader
16:59:18.759 [main] DEBUG org.springframework.test.context.support.AbstractContextLoader - Did not detect default resource location for test class [com.example.demo.DemoApplicationTests]: class path resource [com/example/demo/DemoApplicationTests-context.xml] does not exist
16:59:18.761 [main] DEBUG org.springframework.test.context.support.AbstractContextLoader - Did not detect default resource location for test class [com.example.demo.DemoApplicationTests]: class path resource [com/example/demo/DemoApplicationTestsContext.groovy] does not exist
16:59:18.761 [main] INFO org.springframework.test.context.support.AbstractContextLoader - Could not detect default resource locations for test class [com.example.demo.DemoApplicationTests]: no resource found for suffixes {-context.xml, Context.groovy}.
16:59:18.761 [main] INFO org.springframework.test.context.support.AnnotationConfigContextLoaderUtils - Could not detect default configuration classes for test class [com.example.demo.DemoApplicationTests]: DemoApplicationTests does not declare any static, non-private, non-final, nested classes annotated with @Configuration.
16:59:18.764 [main] DEBUG org.springframework.test.context.support.ActiveProfilesUtils - Could not find an 'annotation declaring class' for annotation type [org.springframework.test.context.ActiveProfiles] and class [com.example.demo.DemoApplicationTests]
]]></system-out>
  </testcase>
</testsuite>